<?xml version="1.0" encoding="UTF-8"?>
<testsuite name="com.example.project.TestDelimiter" tests="2" skipped="0" failures="0" errors="0" timestamp="2025-02-12T16:57:25" hostname="codespaces-4cc3c5" time="0.009">
  <properties/>
  <testcase name="testGetDelimiterListPARTA()" classname="com.example.project.TestDelimiter" time="0.002"/>
  <testcase name="testIsBalanced()" classname="com.example.project.TestDelimiter" time="0.001"/>
  <system-out><![CDATA[]]></system-out>
  <system-err><![CDATA[]]></system-err>
</testsuite>
